<?xml version="1.0" encoding="UTF-8"?>
<!-- Generated by org.testng.reporters.JUnitXMLReporter -->
<testsuite ignored="0" hostname="LAPTOP-873KCNFI" failures="0" tests="18" name="Default test" time="164.3" errors="0" timestamp="2026-04-11T14:52:56 IST">
  <testcase classname="tests.LoginTest" name="loginWithEmptyFields" time="2.754"/>
  <testcase classname="tests.LoginTest" name="loginWithInvalidPassword" time="1.743"/>
  <testcase classname="tests.LoginTest" name="loginWithValidCredentials" time="1.88"/>
  <testcase classname="tests.SessionNavigation" name="verifyCannotGoBackToContactListAfterLogout" time="17.233"/>
  <testcase classname="tests.SessionNavigation" name="verifyLoginRequiredForContactList" time="4.23"/>
  <testcase classname="tests.SessionNavigation" name="verifyLoginStateOnRefresh" time="15.927"/>
  <testcase classname="tests.UIResponsivenessTest" name="verifyFieldAlignmentOnContactForm" time="1.123"/>
  <testcase classname="tests.UIResponsivenessTest" name="verifyUnicodeSupportInAddressField" time="1.371"/>
  <testcase classname="tests.Edit" name="loginTest" time="2.353"/>
  <testcase classname="tests.Edit" name="editAddressTest" time="4.824"/>
  <testcase classname="tests.AddItemsCart" name="addItemWithoutLogin" time="1.853"/>
  <testcase classname="tests.AddItemsCart" name="addMultipleItemsToCart" time="4.49"/>
  <testcase classname="tests.AddItemsCart" name="addSingleItemToCart" time="3.693"/>
  <testcase classname="tests.SignUp" name="signUpInvalidEmail" time="1.721"/>
  <testcase classname="tests.SignUp" name="signUpPasswordMismatch" time="1.735"/>
  <testcase classname="tests.SignUp" name="signUpWithBlankFields" time="1.185"/>
  <testcase classname="tests.SignUp" name="signUpWithExistingEmail" time="2.411"/>
  <testcase classname="tests.SignUp" name="signUpWithValidInputs" time="2.679"/>
</testsuite> <!-- Default test -->
