<?xml version="1.0" encoding="UTF-8"?>
<!-- Generated by org.testng.reporters.JUnitXMLReporter -->
<testsuite ignored="0" hostname="LAPTOP-873KCNFI" failures="0" tests="20" name="Default test" time="171.356" errors="0" timestamp="2025-12-03T15:24:24 IST">
  <testcase classname="cms.Login" name="loginWithEmptyFields" time="1.623"/>
  <testcase classname="cms.Login" name="loginWithInvalidEmailFormat" time="11.249"/>
  <testcase classname="cms.Login" name="loginWithInvalidPassword" time="2.084"/>
  <testcase classname="cms.Login" name="loginWithValidCredentials" time="3.064"/>
  <testcase classname="cms.Login" name="verifyPasswordIsMasked" time="0.711"/>
  <testcase classname="cms.SignUp" name="signUpInvalidEmail" time="1.455"/>
  <testcase classname="cms.SignUp" name="signUpPasswordMismatch" time="1.665"/>
  <testcase classname="cms.SignUp" name="signUpWithBlankFields" time="1.19"/>
  <testcase classname="cms.SignUp" name="signUpWithExistingEmail" time="2.664"/>
  <testcase classname="cms.SignUp" name="signUpWithValidInputs" time="4.258"/>
  <testcase classname="cms.SessionNavigation" name="verifyCannotGoBackToContactListAfterLogout" time="19.492"/>
  <testcase classname="cms.SessionNavigation" name="verifyLoginRequiredForContactList" time="3.306"/>
  <testcase classname="cms.SessionNavigation" name="verifyLoginStateOnRefresh" time="17.148"/>
  <testcase classname="cms.AddItemsCart" name="addItemWithoutLogin" time="3.334"/>
  <testcase classname="cms.AddItemsCart" name="addMultipleItemsToCart" time="4.632"/>
  <testcase classname="cms.AddItemsCart" name="addSingleItemToCart" time="2.965"/>
  <testcase classname="cms.Edit" name="loginTest" time="1.891"/>
  <testcase classname="cms.Edit" name="editAddressTest" time="4.601"/>
  <testcase classname="cms.UIResponsivenessTest" name="verifyFieldAlignmentOnContactForm" time="0.636"/>
  <testcase classname="cms.UIResponsivenessTest" name="verifyUnicodeSupportInAddressField" time="0.806"/>
</testsuite> <!-- Default test -->
