<?xml version="1.0" encoding="UTF-8"?>
<!-- Generated by org.testng.reporters.JUnitXMLReporter -->
<testsuite ignored="0" hostname="LAPTOP-873KCNFI" failures="0" tests="3" name="CartTests" time="24.888" errors="0" timestamp="2026-03-12T19:39:51 IST">
  <testcase classname="tests.AddItemsCart" name="addItemWithoutLogin" time="1.799"/>
  <testcase classname="tests.AddItemsCart" name="addMultipleItemsToCart" time="4.528"/>
  <testcase classname="tests.AddItemsCart" name="addSingleItemToCart" time="3.052"/>
</testsuite> <!-- CartTests -->
