<?xml version="1.0" encoding="UTF-8"?>
<!-- Generated by org.testng.reporters.JUnitXMLReporter -->
<testsuite ignored="0" hostname="LAPTOP-873KCNFI" failures="0" tests="3" name="CartTests" time="23.679" errors="0" timestamp="2026-04-11T15:01:12 IST">
  <testcase classname="tests.AddItemsCart" name="addItemWithoutLogin" time="1.771"/>
  <testcase classname="tests.AddItemsCart" name="addMultipleItemsToCart" time="4.149"/>
  <testcase classname="tests.AddItemsCart" name="addSingleItemToCart" time="3.438"/>
</testsuite> <!-- CartTests -->
