<?xml version="1.0" encoding="UTF-8"?>
<!-- Generated by org.testng.reporters.JUnitXMLReporter -->
<testsuite ignored="0" hostname="LAPTOP-873KCNFI" failures="0" tests="3" name="LoginTests" time="26.62" errors="0" timestamp="2026-04-11T15:00:48 IST">
  <testcase classname="tests.LoginTest" name="loginWithEmptyFields" time="3.366"/>
  <testcase classname="tests.LoginTest" name="loginWithInvalidPassword" time="1.837"/>
  <testcase classname="tests.LoginTest" name="loginWithValidCredentials" time="5.14"/>
</testsuite> <!-- LoginTests -->
