<?xml version="1.0" encoding="UTF-8"?>
<!-- Generated by org.testng.reporters.JUnitXMLReporter -->
<testsuite ignored="0" hostname="LAPTOP-873KCNFI" failures="0" tests="3" name="LoginTests" time="21.199" errors="0" timestamp="2026-03-12T19:39:26 IST">
  <testcase classname="tests.LoginTest" name="loginWithEmptyFields" time="1.504"/>
  <testcase classname="tests.LoginTest" name="loginWithInvalidPassword" time="1.599"/>
  <testcase classname="tests.LoginTest" name="loginWithValidCredentials" time="1.983"/>
</testsuite> <!-- LoginTests -->
