<?xml version="1.0" encoding="UTF-8"?>
<!-- Generated by org.testng.reporters.JUnitXMLReporter -->
<testsuite ignored="0" hostname="LAPTOP-873KCNFI" failures="0" tests="3" name="SessionTests" time="53.442" errors="0" timestamp="2026-04-11T15:02:17 IST">
  <testcase classname="tests.SessionNavigation" name="verifyCannotGoBackToContactListAfterLogout" time="16.935"/>
  <testcase classname="tests.SessionNavigation" name="verifyLoginRequiredForContactList" time="3.083"/>
  <testcase classname="tests.SessionNavigation" name="verifyLoginStateOnRefresh" time="16.416"/>
</testsuite> <!-- SessionTests -->
