<?xml version="1.0" encoding="UTF-8"?>
<!-- Generated by org.testng.reporters.JUnitXMLReporter -->
<testsuite ignored="0" hostname="LAPTOP-873KCNFI" failures="0" tests="3" name="SessionTests" time="81.109" errors="0" timestamp="2026-03-12T19:41:26 IST">
  <testcase classname="tests.SessionNavigation" name="verifyCannotGoBackToContactListAfterLogout" time="30.887"/>
  <testcase classname="tests.SessionNavigation" name="verifyLoginRequiredForContactList" time="2.854"/>
  <testcase classname="tests.SessionNavigation" name="verifyLoginStateOnRefresh" time="30.791"/>
</testsuite> <!-- SessionTests -->
