<?xml version="1.0" encoding="UTF-8"?>
<!-- Generated by org.testng.reporters.JUnitXMLReporter -->
<testsuite ignored="0" hostname="LAPTOP-873KCNFI" failures="0" tests="5" name="SignUpTests" time="30.051" errors="0" timestamp="2026-03-12T19:42:07 IST">
  <testcase classname="tests.SignUp" name="signUpInvalidEmail" time="1.195"/>
  <testcase classname="tests.SignUp" name="signUpPasswordMismatch" time="1.111"/>
  <testcase classname="tests.SignUp" name="signUpWithBlankFields" time="0.908"/>
  <testcase classname="tests.SignUp" name="signUpWithExistingEmail" time="1.851"/>
  <testcase classname="tests.SignUp" name="signUpWithValidInputs" time="2.182"/>
</testsuite> <!-- SignUpTests -->
