<?xml version="1.0" encoding="UTF-8"?>
<!-- Generated by org.testng.reporters.JUnitXMLReporter -->
<testsuite ignored="0" hostname="LAPTOP-873KCNFI" failures="0" tests="5" name="SignUpTests" time="33.948" errors="0" timestamp="2026-04-11T15:03:02 IST">
  <testcase classname="tests.SignUp" name="signUpInvalidEmail" time="1.372"/>
  <testcase classname="tests.SignUp" name="signUpPasswordMismatch" time="1.352"/>
  <testcase classname="tests.SignUp" name="signUpWithBlankFields" time="1.12"/>
  <testcase classname="tests.SignUp" name="signUpWithExistingEmail" time="2.182"/>
  <testcase classname="tests.SignUp" name="signUpWithValidInputs" time="2.754"/>
</testsuite> <!-- SignUpTests -->
