<?xml version="1.0" encoding="UTF-8"?>
<!-- Generated by org.testng.reporters.JUnitXMLReporter -->
<testsuite ignored="0" hostname="LAPTOP-873KCNFI" failures="0" tests="2" name="UIResponsivenessTests" time="10.439" errors="0" timestamp="2026-03-12T19:41:37 IST">
  <testcase classname="tests.UIResponsivenessTest" name="verifyFieldAlignmentOnContactForm" time="0.666"/>
  <testcase classname="tests.UIResponsivenessTest" name="verifyUnicodeSupportInAddressField" time="0.755"/>
</testsuite> <!-- UIResponsivenessTests -->
