<?xml version="1.0" encoding="UTF-8"?>
<!-- Generated by org.testng.reporters.JUnitXMLReporter -->
<testsuite ignored="0" hostname="LAPTOP-873KCNFI" failures="0" tests="2" name="UIResponsivenessTests" time="11.447" errors="0" timestamp="2026-04-11T15:02:28 IST">
  <testcase classname="tests.UIResponsivenessTest" name="verifyFieldAlignmentOnContactForm" time="0.857"/>
  <testcase classname="tests.UIResponsivenessTest" name="verifyUnicodeSupportInAddressField" time="0.925"/>
</testsuite> <!-- UIResponsivenessTests -->
