<?xml version="1.0" encoding="UTF-8"?>
<!-- Generated by org.testng.reporters.JUnitReportReporter -->
<testsuite hostname="LAPTOP-873KCNFI" failures="0" tests="3" name="tests.LoginTest" time="29.328" errors="0" timestamp="2026-04-07T17:51:07 IST" skipped="0">
  <testcase classname="tests.LoginTest" name="loginWithEmptyFields" time="10.514"/>
  <testcase classname="tests.LoginTest" name="loginWithValidCredentials" time="9.102"/>
  <testcase classname="tests.LoginTest" name="loginWithInvalidPassword" time="9.712"/>
</testsuite> <!-- tests.LoginTest -->
