<?xml version="1.0" encoding="UTF-8"?>
<!-- Generated by org.testng.reporters.JUnitReportReporter -->
<testsuite hostname="LAPTOP-873KCNFI" failures="0" tests="3" name="pages.SessionNavigation" time="57.708" errors="0" timestamp="2026-03-07T13:12:10 IST" skipped="0">
  <testcase classname="pages.SessionNavigation" name="verifyCannotGoBackToContactListAfterLogout" time="27.708"/>
  <testcase classname="pages.SessionNavigation" name="verifyLoginRequiredForContactList" time="4.216"/>
  <testcase classname="pages.SessionNavigation" name="verifyLoginStateOnRefresh" time="25.784"/>
</testsuite> <!-- pages.SessionNavigation -->
