<?xml version="1.0" encoding="UTF-8"?>
<!-- Generated by org.testng.reporters.JUnitReportReporter -->
<testsuite hostname="LAPTOP-873KCNFI" failures="0" tests="3" name="pages.SessionNavigation" time="49.814" errors="0" timestamp="2026-03-07T11:39:20 IST" skipped="0">
  <testcase classname="pages.SessionNavigation" name="verifyLoginStateOnRefresh" time="18.870"/>
  <testcase classname="pages.SessionNavigation" name="verifyCannotGoBackToContactListAfterLogout" time="27.606"/>
  <testcase classname="pages.SessionNavigation" name="verifyLoginRequiredForContactList" time="3.338"/>
</testsuite> <!-- pages.SessionNavigation -->
