<?xml version="1.0" encoding="UTF-8"?>
<!-- Generated by org.testng.reporters.JUnitReportReporter -->
<testsuite hostname="LAPTOP-873KCNFI" failures="0" tests="3" name="pages.AddItemsCart" time="20.426" errors="0" timestamp="2026-03-07T13:12:10 IST" skipped="0">
  <testcase classname="pages.AddItemsCart" name="addMultipleItemsToCart" time="7.588"/>
  <testcase classname="pages.AddItemsCart" name="addItemWithoutLogin" time="5.729"/>
  <testcase classname="pages.AddItemsCart" name="addSingleItemToCart" time="7.109"/>
</testsuite> <!-- pages.AddItemsCart -->
