<?xml version="1.0" encoding="UTF-8"?>
<!-- Generated by org.testng.reporters.JUnitReportReporter -->
<testsuite hostname="LAPTOP-873KCNFI" failures="0" tests="2" name="cms.UIResponsivenessTest" time="9.956" errors="0" timestamp="2025-12-03T15:24:24 IST" skipped="0">
  <testcase classname="cms.UIResponsivenessTest" name="verifyFieldAlignmentOnContactForm" time="4.979"/>
  <testcase classname="cms.UIResponsivenessTest" name="verifyUnicodeSupportInAddressField" time="4.977"/>
</testsuite> <!-- cms.UIResponsivenessTest -->
