<?xml version="1.0" encoding="UTF-8"?>
<!-- Generated by org.testng.reporters.JUnitReportReporter -->
<testsuite hostname="LAPTOP-873KCNFI" failures="0" tests="3" name="tests.SessionNavigation" time="52.887" errors="0" timestamp="2026-04-09T18:52:24 IST" skipped="0">
  <testcase classname="tests.SessionNavigation" name="verifyLoginRequiredForContactList" time="9.065"/>
  <testcase classname="tests.SessionNavigation" name="verifyCannotGoBackToContactListAfterLogout" time="22.945"/>
  <testcase classname="tests.SessionNavigation" name="verifyLoginStateOnRefresh" time="20.877"/>
</testsuite> <!-- tests.SessionNavigation -->
