<?xml version="1.0" encoding="UTF-8"?>
<!-- Generated by org.testng.reporters.JUnitReportReporter -->
<testsuite hostname="LAPTOP-873KCNFI" failures="0" tests="3" name="tests.SessionNavigation" time="53.428" errors="0" timestamp="2026-04-11T15:03:02 IST" skipped="0">
  <testcase classname="tests.SessionNavigation" name="verifyCannotGoBackToContactListAfterLogout" time="22.402"/>
  <testcase classname="tests.SessionNavigation" name="verifyLoginRequiredForContactList" time="9.476"/>
  <testcase classname="tests.SessionNavigation" name="verifyLoginStateOnRefresh" time="21.550"/>
</testsuite> <!-- tests.SessionNavigation -->
