<?xml version="1.0" encoding="UTF-8"?>
<!-- Generated by org.testng.reporters.JUnitReportReporter -->
<testsuite hostname="LAPTOP-873KCNFI" failures="0" tests="3" name="tests.AddItemsCart" time="29.147" errors="0" timestamp="2026-04-07T17:51:07 IST" skipped="0">
  <testcase classname="tests.AddItemsCart" name="addSingleItemToCart" time="9.919"/>
  <testcase classname="tests.AddItemsCart" name="addMultipleItemsToCart" time="10.549"/>
  <testcase classname="tests.AddItemsCart" name="addItemWithoutLogin" time="8.679"/>
</testsuite> <!-- tests.AddItemsCart -->
