<?xml version="1.0" encoding="UTF-8"?>
<!-- Generated by org.testng.reporters.JUnitReportReporter -->
<testsuite hostname="LAPTOP-873KCNFI" failures="0" tests="3" name="pages.AddItemsCart" time="17.606" errors="0" timestamp="2026-03-07T11:39:20 IST" skipped="0">
  <testcase classname="pages.AddItemsCart" name="addItemWithoutLogin" time="4.944"/>
  <testcase classname="pages.AddItemsCart" name="addMultipleItemsToCart" time="6.673"/>
  <testcase classname="pages.AddItemsCart" name="addSingleItemToCart" time="5.989"/>
</testsuite> <!-- pages.AddItemsCart -->
