<?xml version="1.0" encoding="UTF-8"?>
<!-- Generated by org.testng.reporters.JUnitReportReporter -->
<testsuite hostname="LAPTOP-873KCNFI" failures="0" tests="3" name="cms.SessionNavigation" time="43.829" errors="0" timestamp="2025-12-03T15:24:24 IST" skipped="0">
  <testcase classname="cms.SessionNavigation" name="verifyLoginRequiredForContactList" time="4.684"/>
  <testcase classname="cms.SessionNavigation" name="verifyLoginStateOnRefresh" time="18.479"/>
  <testcase classname="cms.SessionNavigation" name="verifyCannotGoBackToContactListAfterLogout" time="20.666"/>
</testsuite> <!-- cms.SessionNavigation -->
