<?xml version="1.0" encoding="UTF-8"?>
<!-- Generated by org.testng.reporters.JUnitReportReporter -->
<testsuite hostname="LAPTOP-873KCNFI" failures="0" tests="5" name="pages.SignUp" time="23.107" errors="0" timestamp="2026-03-07T11:39:20 IST" skipped="0">
  <testcase classname="pages.SignUp" name="signUpInvalidEmail" time="4.400"/>
  <testcase classname="pages.SignUp" name="signUpWithBlankFields" time="4.164"/>
  <testcase classname="pages.SignUp" name="signUpPasswordMismatch" time="4.306"/>
  <testcase classname="pages.SignUp" name="signUpWithValidInputs" time="5.185"/>
  <testcase classname="pages.SignUp" name="signUpWithExistingEmail" time="5.052"/>
</testsuite> <!-- pages.SignUp -->
