<?xml version="1.0" encoding="UTF-8"?>
<!-- Generated by org.testng.reporters.JUnitReportReporter -->
<testsuite hostname="LAPTOP-873KCNFI" failures="0" tests="5" name="pages.Login" time="41.909" errors="0" timestamp="2026-03-05T19:19:54 IST" skipped="0">
  <testcase classname="pages.Login" name="loginWithInvalidEmailFormat" time="14.692"/>
  <testcase classname="pages.Login" name="loginWithEmptyFields" time="4.819"/>
  <testcase classname="pages.Login" name="loginWithInvalidPassword" time="4.888"/>
  <testcase classname="pages.Login" name="loginWithValidCredentials" time="12.312"/>
  <testcase classname="pages.Login" name="verifyPasswordIsMasked" time="5.198"/>
</testsuite> <!-- pages.Login -->
