<?xml version="1.0" encoding="UTF-8"?>
<!-- Generated by org.testng.reporters.JUnitReportReporter -->
<testsuite hostname="LAPTOP-873KCNFI" failures="0" tests="2" name="tests.UIResponsivenessTest" time="8.628" errors="0" timestamp="2026-03-07T11:39:20 IST" skipped="0">
  <testcase classname="tests.UIResponsivenessTest" name="verifyFieldAlignmentOnContactForm" time="4.403"/>
  <testcase classname="tests.UIResponsivenessTest" name="verifyUnicodeSupportInAddressField" time="4.225"/>
</testsuite> <!-- tests.UIResponsivenessTest -->
