<?xml version="1.0" encoding="UTF-8"?>
<!-- Generated by org.testng.reporters.JUnitReportReporter -->
<testsuite hostname="LAPTOP-873KCNFI" failures="0" tests="5" name="cms.SignUp" time="35.332" errors="0" timestamp="2025-12-03T15:24:24 IST" skipped="0">
  <testcase classname="cms.SignUp" name="signUpWithExistingEmail" time="7.232"/>
  <testcase classname="cms.SignUp" name="signUpPasswordMismatch" time="6.132"/>
  <testcase classname="cms.SignUp" name="signUpWithValidInputs" time="9.883"/>
  <testcase classname="cms.SignUp" name="signUpWithBlankFields" time="5.896"/>
  <testcase classname="cms.SignUp" name="signUpInvalidEmail" time="6.189"/>
</testsuite> <!-- cms.SignUp -->
