<?xml version="1.0" encoding="UTF-8"?>
<!-- Generated by org.testng.reporters.JUnitReportReporter -->
<testsuite hostname="LAPTOP-873KCNFI" failures="0" tests="5" name="cms.Login" time="46.209" errors="0" timestamp="2025-12-03T15:24:24 IST" skipped="0">
  <testcase classname="cms.Login" name="loginWithInvalidPassword" time="7.140"/>
  <testcase classname="cms.Login" name="loginWithEmptyFields" time="7.786"/>
  <testcase classname="cms.Login" name="loginWithInvalidEmailFormat" time="17.033"/>
  <testcase classname="cms.Login" name="verifyPasswordIsMasked" time="5.615"/>
  <testcase classname="cms.Login" name="loginWithValidCredentials" time="8.635"/>
</testsuite> <!-- cms.Login -->
