<?xml version="1.0" encoding="UTF-8"?>
<!-- Generated by org.testng.reporters.JUnitReportReporter -->
<testsuite hostname="LAPTOP-873KCNFI" failures="0" tests="5" name="pages.SignUp" time="27.173" errors="0" timestamp="2026-03-07T13:12:10 IST" skipped="0">
  <testcase classname="pages.SignUp" name="signUpWithExistingEmail" time="5.751"/>
  <testcase classname="pages.SignUp" name="signUpWithValidInputs" time="6.166"/>
  <testcase classname="pages.SignUp" name="signUpPasswordMismatch" time="5.458"/>
  <testcase classname="pages.SignUp" name="signUpInvalidEmail" time="5.078"/>
  <testcase classname="pages.SignUp" name="signUpWithBlankFields" time="4.720"/>
</testsuite> <!-- pages.SignUp -->
