<?xml version="1.0" encoding="UTF-8"?>
<!-- Generated by org.testng.reporters.JUnitReportReporter -->
<testsuite hostname="LAPTOP-873KCNFI" failures="0" tests="2" name="tests.UIResponsivenessTest" time="11.035" errors="0" timestamp="2026-04-09T18:52:24 IST" skipped="0">
  <testcase classname="tests.UIResponsivenessTest" name="verifyFieldAlignmentOnContactForm" time="4.974"/>
  <testcase classname="tests.UIResponsivenessTest" name="verifyUnicodeSupportInAddressField" time="6.061"/>
</testsuite> <!-- tests.UIResponsivenessTest -->
