<?xml version="1.0" encoding="UTF-8"?>
<!-- Generated by org.testng.reporters.JUnitReportReporter -->
<testsuite hostname="LAPTOP-873KCNFI" failures="0" tests="5" name="tests.SignUp" time="40.336" errors="0" timestamp="2026-04-07T17:51:07 IST" skipped="0">
  <testcase classname="tests.SignUp" name="signUpWithValidInputs" time="9.009"/>
  <testcase classname="tests.SignUp" name="signUpWithExistingEmail" time="8.262"/>
  <testcase classname="tests.SignUp" name="signUpWithBlankFields" time="7.383"/>
  <testcase classname="tests.SignUp" name="signUpInvalidEmail" time="7.289"/>
  <testcase classname="tests.SignUp" name="signUpPasswordMismatch" time="8.393"/>
</testsuite> <!-- tests.SignUp -->
