<?xml version="1.0" encoding="UTF-8"?>
<!-- Generated by org.testng.reporters.JUnitReportReporter -->
<testsuite hostname="LAPTOP-873KCNFI" failures="0" tests="3" name="tests.AddItemsCart" time="26.352" errors="0" timestamp="2026-04-11T14:52:56 IST" skipped="0">
  <testcase classname="tests.AddItemsCart" name="addItemWithoutLogin" time="7.361"/>
  <testcase classname="tests.AddItemsCart" name="addSingleItemToCart" time="9.583"/>
  <testcase classname="tests.AddItemsCart" name="addMultipleItemsToCart" time="9.408"/>
</testsuite> <!-- tests.AddItemsCart -->
