<?xml version="1.0" encoding="UTF-8"?>
<!-- Generated by org.testng.reporters.JUnitReportReporter -->
<testsuite hostname="LAPTOP-873KCNFI" failures="0" tests="3" name="cms.AddCartSimple" time="22.490" errors="0" timestamp="2025-12-03T11:04:16 IST" skipped="0">
  <testcase classname="cms.AddCartSimple" name="addItemWithoutLogin" time="6.048"/>
  <testcase classname="cms.AddCartSimple" name="addMultipleItemsToCart" time="9.078"/>
  <testcase classname="cms.AddCartSimple" name="addSingleItemToCart" time="7.364"/>
</testsuite> <!-- cms.AddCartSimple -->
