<?xml version="1.0" encoding="UTF-8"?>
<!-- Generated by org.testng.reporters.JUnitReportReporter -->
<testsuite hostname="LAPTOP-873KCNFI" failures="0" tests="3" name="tests.LoginTest" time="14.746" errors="0" timestamp="2026-03-07T11:39:20 IST" skipped="0">
  <testcase classname="tests.LoginTest" name="loginWithValidCredentials" time="5.154"/>
  <testcase classname="tests.LoginTest" name="loginWithInvalidPassword" time="4.514"/>
  <testcase classname="tests.LoginTest" name="loginWithEmptyFields" time="5.078"/>
</testsuite> <!-- tests.LoginTest -->
