<?xml version="1.0" encoding="UTF-8"?>
<!-- Generated by org.testng.reporters.JUnitReportReporter -->
<testsuite hostname="LAPTOP-873KCNFI" failures="0" tests="3" name="cms.AddItemsCart" time="25.392" errors="0" timestamp="2025-12-03T15:24:24 IST" skipped="0">
  <testcase classname="cms.AddItemsCart" name="addSingleItemToCart" time="7.078"/>
  <testcase classname="cms.AddItemsCart" name="addItemWithoutLogin" time="9.200"/>
  <testcase classname="cms.AddItemsCart" name="addMultipleItemsToCart" time="9.114"/>
</testsuite> <!-- cms.AddItemsCart -->
