<?xml version="1.0" encoding="UTF-8"?>
<!-- Generated by org.testng.reporters.JUnitReportReporter -->
<testsuite hostname="LAPTOP-873KCNFI" failures="0" tests="5" name="tests.SignUp" time="35.530" errors="0" timestamp="2026-04-11T14:52:56 IST" skipped="0">
  <testcase classname="tests.SignUp" name="signUpWithValidInputs" time="7.560"/>
  <testcase classname="tests.SignUp" name="signUpWithBlankFields" time="6.013"/>
  <testcase classname="tests.SignUp" name="signUpWithExistingEmail" time="7.483"/>
  <testcase classname="tests.SignUp" name="signUpInvalidEmail" time="7.275"/>
  <testcase classname="tests.SignUp" name="signUpPasswordMismatch" time="7.199"/>
</testsuite> <!-- tests.SignUp -->
